<?xml version="1.0" encoding="UTF-8"?>
<testsuite name="ru.stqa.pft.addressbook.test.HbConnectionTest" tests="1" skipped="0" failures="0" errors="0" timestamp="2020-01-25T05:24:06" hostname="Mikhan-ПК" time="0.069">
  <properties/>
  <testcase name="testHbConnection" classname="ru.stqa.pft.addressbook.test.HbConnectionTest" time="0.069"/>
  <system-out><![CDATA[30897 [Test worker] WARN  o.hibernate.orm.connections.pooling - HHH10001002: Using Hibernate built-in connection pool (not for production use!) 
30898 [Test worker] INFO  o.hibernate.orm.connections.pooling - HHH10001005: using driver [com.mysql.cj.jdbc.Driver] at URL [jdbc:mysql://localhost:3306/addressbook?useTimezone=true&serverTimezone=UTC] 
30898 [Test worker] INFO  o.hibernate.orm.connections.pooling - HHH10001001: Connection properties: {user=root, password=} 
30898 [Test worker] INFO  o.hibernate.orm.connections.pooling - HHH10001003: Autocommit mode: false 
30898 [Test worker] INFO  o.h.e.j.c.i.DriverManagerConnectionProviderImpl - HHH000115: Hibernate connection pool size: 1 (min=1) 
30902 [Test worker] INFO  org.hibernate.dialect.Dialect - HHH000400: Using dialect: org.hibernate.dialect.MySQLDialect 
30939 [Test worker] INFO  o.hibernate.orm.connections.access - HHH10001501: Connection obtained from JdbcConnectionAccess [org.hibernate.engine.jdbc.env.internal.JdbcEnvironmentInitiator$ConnectionProviderJdbcConnectionAccess@13a5d33] for (non-JTA) DDL execution was not in auto-commit mode; the Connection 'local transaction' will be committed and the Connection will be set into auto-commit mode. 
30982 [Test worker] INFO  o.h.e.t.j.p.i.JtaPlatformInitiator - HHH000490: Using JtaPlatform implementation: [org.hibernate.engine.transaction.jta.platform.internal.NoJtaPlatform] 
Hibernate: select contactdat0_.id as id1_1_, contactdat0_.address as address2_1_, contactdat0_.email as email3_1_, contactdat0_.email2 as email4_1_, contactdat0_.email3 as email5_1_, contactdat0_.firstname as firstnam6_1_, contactdat0_.home as home7_1_, contactdat0_.lastname as lastname8_1_, contactdat0_.middlename as middlena9_1_, contactdat0_.mobile as mobile10_1_, contactdat0_.work as work11_1_ from addressbook contactdat0_ where deprecated='0000-00-00'
Hibernate: select groups0_.id as id1_0_0_, groups0_.group_id as group_id2_0_0_, groupdata1_.group_id as group_id1_2_1_, groupdata1_.group_footer as group_fo2_2_1_, groupdata1_.group_header as group_he3_2_1_, groupdata1_.group_name as group_na4_2_1_ from address_in_groups groups0_ inner join group_list groupdata1_ on groups0_.group_id=groupdata1_.group_id where groups0_.id=?
Hibernate: select groups0_.id as id1_0_0_, groups0_.group_id as group_id2_0_0_, groupdata1_.group_id as group_id1_2_1_, groupdata1_.group_footer as group_fo2_2_1_, groupdata1_.group_header as group_he3_2_1_, groupdata1_.group_name as group_na4_2_1_ from address_in_groups groups0_ inner join group_list groupdata1_ on groups0_.group_id=groupdata1_.group_id where groups0_.id=?
Hibernate: select groups0_.id as id1_0_0_, groups0_.group_id as group_id2_0_0_, groupdata1_.group_id as group_id1_2_1_, groupdata1_.group_footer as group_fo2_2_1_, groupdata1_.group_header as group_he3_2_1_, groupdata1_.group_name as group_na4_2_1_ from address_in_groups groups0_ inner join group_list groupdata1_ on groups0_.group_id=groupdata1_.group_id where groups0_.id=?
Hibernate: select groups0_.id as id1_0_0_, groups0_.group_id as group_id2_0_0_, groupdata1_.group_id as group_id1_2_1_, groupdata1_.group_footer as group_fo2_2_1_, groupdata1_.group_header as group_he3_2_1_, groupdata1_.group_name as group_na4_2_1_ from address_in_groups groups0_ inner join group_list groupdata1_ on groups0_.group_id=groupdata1_.group_id where groups0_.id=?
Hibernate: select groups0_.id as id1_0_0_, groups0_.group_id as group_id2_0_0_, groupdata1_.group_id as group_id1_2_1_, groupdata1_.group_footer as group_fo2_2_1_, groupdata1_.group_header as group_he3_2_1_, groupdata1_.group_name as group_na4_2_1_ from address_in_groups groups0_ inner join group_list groupdata1_ on groups0_.group_id=groupdata1_.group_id where groups0_.id=?
Hibernate: select groups0_.id as id1_0_0_, groups0_.group_id as group_id2_0_0_, groupdata1_.group_id as group_id1_2_1_, groupdata1_.group_footer as group_fo2_2_1_, groupdata1_.group_header as group_he3_2_1_, groupdata1_.group_name as group_na4_2_1_ from address_in_groups groups0_ inner join group_list groupdata1_ on groups0_.group_id=groupdata1_.group_id where groups0_.id=?
Hibernate: select groups0_.id as id1_0_0_, groups0_.group_id as group_id2_0_0_, groupdata1_.group_id as group_id1_2_1_, groupdata1_.group_footer as group_fo2_2_1_, groupdata1_.group_header as group_he3_2_1_, groupdata1_.group_name as group_na4_2_1_ from address_in_groups groups0_ inner join group_list groupdata1_ on groups0_.group_id=groupdata1_.group_id where groups0_.id=?
Hibernate: select groups0_.id as id1_0_0_, groups0_.group_id as group_id2_0_0_, groupdata1_.group_id as group_id1_2_1_, groupdata1_.group_footer as group_fo2_2_1_, groupdata1_.group_header as group_he3_2_1_, groupdata1_.group_name as group_na4_2_1_ from address_in_groups groups0_ inner join group_list groupdata1_ on groups0_.group_id=groupdata1_.group_id where groups0_.id=?
Hibernate: select groups0_.id as id1_0_0_, groups0_.group_id as group_id2_0_0_, groupdata1_.group_id as group_id1_2_1_, groupdata1_.group_footer as group_fo2_2_1_, groupdata1_.group_header as group_he3_2_1_, groupdata1_.group_name as group_na4_2_1_ from address_in_groups groups0_ inner join group_list groupdata1_ on groups0_.group_id=groupdata1_.group_id where groups0_.id=?
Hibernate: select groups0_.id as id1_0_0_, groups0_.group_id as group_id2_0_0_, groupdata1_.group_id as group_id1_2_1_, groupdata1_.group_footer as group_fo2_2_1_, groupdata1_.group_header as group_he3_2_1_, groupdata1_.group_name as group_na4_2_1_ from address_in_groups groups0_ inner join group_list groupdata1_ on groups0_.group_id=groupdata1_.group_id where groups0_.id=?
ContactData{id=65, firstname='firstname 0', lastname='lastname 0', middlename='', home='7800555353 0', mobile='7800555353 0', work='7800555353 0', email='email@ 0', email2='email2@ 0', email3='email3@ 0'}
ContactData{id=66, firstname='firstname 1', lastname='lastname 1', middlename='', home='7800555353 1', mobile='7800555353 1', work='7800555353 1', email='email@ 1', email2='email2@ 1', email3='email3@ 1'}
ContactData{id=68, firstname='firstname 0', lastname='lastname 0', middlename='', home='7800555353 0', mobile='7800555353 0', work='7800555353 0', email='email@ 0', email2='email2@ 0', email3='email3@ 0'}
ContactData{id=70, firstname='firstname 2', lastname='lastname 2', middlename='', home='7800555353 2', mobile='7800555353 2', work='7800555353 2', email='email@ 2', email2='email2@ 2', email3='email3@ 2'}
ContactData{id=71, firstname='Name', lastname='LastName', middlename='Petrovich', home='homephone', mobile='+78005553535', work='workphone', email='1@mail.com', email2='email2', email3='email3'}
ContactData{id=72, firstname='Name', lastname='LastName', middlename='Petrovich', home='homephone', mobile='+78005553535', work='workphone', email='1@mail.com', email2='email2', email3='email3'}
ContactData{id=73, firstname='firstname 2', lastname='lastname 2', middlename='', home='7800555353 2', mobile='7800555353 2', work='7800555353 2', email='email@ 2', email2='email2@ 2', email3='email3@ 2'}
ContactData{id=74, firstname='firstname 0', lastname='lastname 0', middlename='', home='7800555353 0', mobile='7800555353 0', work='7800555353 0', email='email@ 0', email2='email2@ 0', email3='email3@ 0'}
ContactData{id=75, firstname='firstname 1', lastname='lastname 1', middlename='', home='7800555353 1', mobile='7800555353 1', work='7800555353 1', email='email@ 1', email2='email2@ 1', email3='email3@ 1'}
ContactData{id=76, firstname='firstname 2', lastname='lastname 2', middlename='', home='7800555353 2', mobile='7800555353 2', work='7800555353 2', email='email@ 2', email2='email2@ 2', email3='email3@ 2'}
]]></system-out>
  <system-err><![CDATA[]]></system-err>
</testsuite>
